E:\DROPBOX\2013 BCIT FALL\COMP 3980 DATA COMM INTERNETWORKING 1\ASSIGNMENT 1 (FINAL VERSION)\TERMINALEMULATOR\TERMINALEMULATOR\DEBUG\SOURCE.OBJ
E:\DROPBOX\2013 BCIT FALL\COMP 3980 DATA COMM INTERNETWORKING 1\ASSIGNMENT 1 (FINAL VERSION)\TERMINALEMULATOR\TERMINALEMULATOR\DEBUG\VC110.PDB
E:\DROPBOX\2013 BCIT FALL\COMP 3980 DATA COMM INTERNETWORKING 1\ASSIGNMENT 1 (FINAL VERSION)\TERMINALEMULATOR\DEBUG\TERMINALEMULATOR.ILK
E:\DROPBOX\2013 BCIT FALL\COMP 3980 DATA COMM INTERNETWORKING 1\ASSIGNMENT 1 (FINAL VERSION)\TERMINALEMULATOR\DEBUG\TERMINALEMULATOR.EXE
E:\DROPBOX\2013 BCIT FALL\COMP 3980 DATA COMM INTERNETWORKING 1\ASSIGNMENT 1 (FINAL VERSION)\TERMINALEMULATOR\DEBUG\TERMINALEMULATOR.PDB
E:\DROPBOX\2013 BCIT FALL\COMP 3980 DATA COMM INTERNETWORKING 1\ASSIGNMENT 1 (FINAL VERSION)\TERMINALEMULATOR\TERMINALEMULATOR\DEBUG\MENU.RES
E:\Dropbox\2013 BCIT Fall\COMP 3980 Data Comm Internetworking 1\Assignment 1 (FINAL VERSION)\TerminalEmulator\TerminalEmulator\Debug\Source.obj
E:\Dropbox\2013 BCIT Fall\COMP 3980 Data Comm Internetworking 1\Assignment 1 (FINAL VERSION)\TerminalEmulator\TerminalEmulator\Debug\cl.command.1.tlog
E:\Dropbox\2013 BCIT Fall\COMP 3980 Data Comm Internetworking 1\Assignment 1 (FINAL VERSION)\TerminalEmulator\TerminalEmulator\Debug\CL.read.1.tlog
E:\Dropbox\2013 BCIT Fall\COMP 3980 Data Comm Internetworking 1\Assignment 1 (FINAL VERSION)\TerminalEmulator\TerminalEmulator\Debug\CL.write.1.tlog
E:\Dropbox\2013 BCIT Fall\COMP 3980 Data Comm Internetworking 1\Assignment 1 (FINAL VERSION)\TerminalEmulator\TerminalEmulator\Debug\link-cvtres.read.1.tlog
E:\Dropbox\2013 BCIT Fall\COMP 3980 Data Comm Internetworking 1\Assignment 1 (FINAL VERSION)\TerminalEmulator\TerminalEmulator\Debug\link-cvtres.write.1.tlog
E:\Dropbox\2013 BCIT Fall\COMP 3980 Data Comm Internetworking 1\Assignment 1 (FINAL VERSION)\TerminalEmulator\TerminalEmulator\Debug\link-rc.read.1.tlog
E:\Dropbox\2013 BCIT Fall\COMP 3980 Data Comm Internetworking 1\Assignment 1 (FINAL VERSION)\TerminalEmulator\TerminalEmulator\Debug\link-rc.write.1.tlog
E:\Dropbox\2013 BCIT Fall\COMP 3980 Data Comm Internetworking 1\Assignment 1 (FINAL VERSION)\TerminalEmulator\TerminalEmulator\Debug\link.command.1.tlog
E:\Dropbox\2013 BCIT Fall\COMP 3980 Data Comm Internetworking 1\Assignment 1 (FINAL VERSION)\TerminalEmulator\TerminalEmulator\Debug\link.read.1.tlog
E:\Dropbox\2013 BCIT Fall\COMP 3980 Data Comm Internetworking 1\Assignment 1 (FINAL VERSION)\TerminalEmulator\TerminalEmulator\Debug\link.write.1.tlog
E:\Dropbox\2013 BCIT Fall\COMP 3980 Data Comm Internetworking 1\Assignment 1 (FINAL VERSION)\TerminalEmulator\TerminalEmulator\Debug\rc.command.1.tlog
E:\Dropbox\2013 BCIT Fall\COMP 3980 Data Comm Internetworking 1\Assignment 1 (FINAL VERSION)\TerminalEmulator\TerminalEmulator\Debug\rc.read.1.tlog
E:\Dropbox\2013 BCIT Fall\COMP 3980 Data Comm Internetworking 1\Assignment 1 (FINAL VERSION)\TerminalEmulator\TerminalEmulator\Debug\rc.write.1.tlog
E:\Dropbox\2013 BCIT Fall\COMP 3980 Data Comm Internetworking 1\Assignment 1 (FINAL VERSION)\TerminalEmulator\TerminalEmulator\Debug\menu.res
E:\Dropbox\2013 BCIT Fall\COMP 3980 Data Comm Internetworking 1\Assignment 1 (FINAL VERSION)\TerminalEmulator\TerminalEmulator\Debug\vc110.idb
E:\Dropbox\2013 BCIT Fall\COMP 3980 Data Comm Internetworking 1\Assignment 1 (FINAL VERSION)\TerminalEmulator\TerminalEmulator\Debug\vc110.pdb
E:\Dropbox\2013 BCIT Fall\COMP 3980 Data Comm Internetworking 1\Assignment 1 (FINAL VERSION)\TerminalEmulator\Debug\TerminalEmulator.pdb
E:\Dropbox\2013 BCIT Fall\COMP 3980 Data Comm Internetworking 1\Assignment 1 (FINAL VERSION)\TerminalEmulator\Debug\TerminalEmulator.exe
E:\Dropbox\2013 BCIT Fall\COMP 3980 Data Comm Internetworking 1\Assignment 1 (FINAL VERSION)\TerminalEmulator\Debug\TerminalEmulator.ilk
